\BOOKMARK [0][-]{chapter.1}{\376\377\000S\000o\000f\000t\000w\000a\000r\000e\000\040\000P\000r\000o\000d\000u\000c\000t\000s}{}% 1
\BOOKMARK [1][-]{section.1.1}{\376\377\000P\000r\000o\000d\000u\000c\000t\000\040\000v\000i\000s\000i\000o\000n}{chapter.1}% 2
\BOOKMARK [1][-]{section.1.2}{\376\377\000S\000o\000f\000t\000w\000a\000r\000e\000\040\000P\000r\000o\000d\000u\000c\000t\000\040\000M\000a\000n\000a\000g\000e\000m\000e\000n\000t}{chapter.1}% 3
\BOOKMARK [1][-]{section.1.3}{\376\377\000P\000r\000o\000d\000u\000c\000t\000\040\000p\000r\000o\000t\000o\000t\000y\000p\000i\000n\000g}{chapter.1}% 4
\BOOKMARK [0][-]{chapter.2}{\376\377\000A\000g\000i\000l\000e\000\040\000S\000o\000f\000t\000w\000a\000r\000e\000\040\000E\000n\000g\000i\000n\000e\000e\000r\000i\000n\000g}{}% 5
\BOOKMARK [1][-]{section.2.1}{\376\377\000E\000x\000t\000r\000e\000m\000e\000\040\000p\000r\000o\000g\000r\000a\000m\000m\000i\000n\000g}{chapter.2}% 6
\BOOKMARK [1][-]{section.2.2}{\376\377\000S\000c\000r\000u\000m}{chapter.2}% 7
\BOOKMARK [1][-]{section.2.3}{\376\377\000S\000c\000r\000u\000m\000\040\000i\000n\000\040\000p\000r\000a\000c\000t\000i\000c\000e}{chapter.2}% 8
\BOOKMARK [2][-]{subsection.2.3.1}{\376\377\000S\000c\000r\000u\000m\000\040\000i\000n\000\040\000S\000p\000r\000i\000n\000t\000s}{section.2.3}% 9
\BOOKMARK [2][-]{subsection.2.3.2}{\376\377\000P\000B\000I\000\040\000e\000s\000t\000i\000m\000a\000t\000i\000o\000n\000\040\000m\000e\000t\000r\000i\000c\000s}{section.2.3}% 10
\BOOKMARK [1][-]{section.2.4}{\376\377\000S\000p\000r\000i\000n\000t\000\040\000a\000c\000t\000i\000v\000i\000t\000i\000e\000s\000\040\000a\000n\000d\000\040\000p\000l\000a\000n\000n\000i\000n\000g}{chapter.2}% 11
\BOOKMARK [2][-]{subsection.2.4.1}{\376\377\000S\000p\000r\000i\000n\000t\000\040\000p\000l\000a\000n\000n\000i\000n\000g}{section.2.4}% 12
\BOOKMARK [2][-]{subsection.2.4.2}{\376\377\000T\000e\000a\000m\000\040\000c\000o\000m\000p\000o\000s\000i\000t\000i\000o\000n\000\040\000a\000n\000d\000\040\000c\000o\000o\000r\000d\000i\000n\000a\000t\000i\000o\000n}{section.2.4}% 13
\BOOKMARK [1][-]{section.2.5}{\376\377\000P\000r\000o\000j\000e\000c\000t\000\040\000m\000a\000n\000a\000g\000e\000m\000e\000n\000t}{chapter.2}% 14
\BOOKMARK [0][-]{chapter.3}{\376\377\000S\000c\000e\000n\000a\000r\000i\000o\000s\000,\000\040\000p\000e\000r\000s\000o\000n\000a\000s\000\040\000\046\000\040\000s\000t\000o\000r\000i\000e\000s}{}% 15
\BOOKMARK [1][-]{section.3.1}{\376\377\000P\000e\000r\000s\000o\000n\000a\000s}{chapter.3}% 16
\BOOKMARK [1][-]{section.3.2}{\376\377\000S\000c\000e\000n\000a\000r\000i\000o\000s}{chapter.3}% 17
\BOOKMARK [1][-]{section.3.3}{\376\377\000U\000s\000e\000r\000\040\000s\000t\000o\000r\000i\000e\000s}{chapter.3}% 18
\BOOKMARK [2][-]{subsection.3.3.1}{\376\377\000F\000e\000a\000t\000u\000r\000e\000\040\000i\000d\000e\000n\000t\000i\000f\000i\000c\000a\000t\000i\000o\000n}{section.3.3}% 19
\BOOKMARK [2][-]{subsection.3.3.2}{\376\377\000F\000e\000a\000t\000u\000r\000e\000\040\000c\000r\000e\000e\000p}{section.3.3}% 20
\BOOKMARK [0][-]{chapter.4}{\376\377\000S\000o\000f\000t\000w\000a\000r\000e\000\040\000A\000r\000c\000h\000i\000t\000e\000c\000t\000u\000r\000e}{}% 21
\BOOKMARK [1][-]{subsection.4.0.1}{\376\377\000C\000o\000m\000p\000o\000n\000e\000n\000t\000s}{chapter.4}% 22
\BOOKMARK [2][-]{subsection.4.0.2}{\376\377\000S\000y\000s\000t\000e\000m\000\040\000d\000e\000c\000o\000m\000p\000o\000s\000i\000t\000i\000o\000n}{subsection.4.0.1}% 23
\BOOKMARK [1][-]{section.4.1}{\376\377\000D\000i\000s\000t\000r\000i\000b\000u\000t\000i\000o\000n\000\040\000a\000r\000c\000h\000i\000t\000e\000c\000t\000u\000r\000e}{chapter.4}% 24
\BOOKMARK [2][-]{subsection.4.1.1}{\376\377\000C\000l\000i\000e\000n\000t\000-\000s\000e\000r\000v\000e\000r\000\040\000c\000o\000m\000m\000u\000n\000i\000c\000a\000t\000i\000o\000n}{section.4.1}% 25
\BOOKMARK [2][-]{subsection.4.1.2}{\376\377\000S\000O\000A\000\040\000-\000\040\000S\000e\000r\000v\000i\000c\000e\000-\000O\000r\000i\000e\000n\000t\000e\000d\000\040\000A\000r\000c\000h\000i\000t\000e\000c\000t\000u\000r\000e}{section.4.1}% 26
\BOOKMARK [1][-]{section.4.2}{\376\377\000T\000e\000c\000h\000n\000o\000l\000o\000g\000y\000\040\000c\000h\000o\000i\000c\000e\000s}{chapter.4}% 27
\BOOKMARK [2][-]{subsection.4.2.1}{\376\377\000D\000a\000t\000a\000b\000a\000s\000e}{section.4.2}% 28
\BOOKMARK [2][-]{subsection.4.2.2}{\376\377\000D\000e\000l\000i\000v\000e\000r\000y\000\040\000p\000l\000a\000t\000f\000o\000r\000m}{section.4.2}% 29
\BOOKMARK [2][-]{subsection.4.2.3}{\376\377\000S\000e\000r\000v\000e\000r}{section.4.2}% 30
\BOOKMARK [2][-]{subsection.4.2.4}{\376\377\000D\000e\000v\000e\000l\000o\000p\000m\000e\000n\000t\000\040\000t\000e\000c\000h\000n\000o\000l\000o\000g\000y}{section.4.2}% 31
\BOOKMARK [1][-]{section.4.3}{\376\377\000E\000I\000P\000\040\000-\000\040\000E\000n\000t\000e\000r\000p\000r\000i\000s\000e\000\040\000I\000n\000t\000e\000g\000r\000a\000t\000i\000o\000n\000\040\000P\000a\000t\000t\000e\000r\000n\000s}{chapter.4}% 32
\BOOKMARK [1][-]{section.4.4}{\376\377\000P\000a\000t\000t\000e\000r\000n\000s}{chapter.4}% 33
\BOOKMARK [2][-]{subsection.4.4.1}{\376\377\000M\000e\000s\000s\000a\000g\000e\000s}{section.4.4}% 34
\BOOKMARK [2][-]{subsection.4.4.2}{\376\377\000B\000i\000n\000d\000i\000n\000g\000\040\000m\000e\000s\000s\000a\000g\000e\000s}{section.4.4}% 35
\BOOKMARK [2][-]{subsection.4.4.3}{\376\377\000M\000e\000s\000s\000a\000g\000e\000\040\000t\000r\000a\000n\000s\000f\000o\000r\000m\000a\000t\000i\000o\000n}{section.4.4}% 36
\BOOKMARK [2][-]{subsection.4.4.4}{\376\377\000P\000i\000p\000e\000s\000\040\000a\000n\000d\000\040\000f\000i\000l\000t\000e\000r\000s}{section.4.4}% 37
\BOOKMARK [0][-]{chapter.5}{\376\377\000C\000l\000o\000u\000d\000-\000b\000a\000s\000e\000d\000\040\000S\000o\000f\000t\000w\000a\000r\000e}{}% 38
\BOOKMARK [1][-]{section.5.1}{\376\377\000V\000i\000r\000t\000u\000a\000l\000i\000z\000a\000t\000i\000o\000n\000:\000\040\000f\000r\000o\000m\000\040\000V\000M\000s\000\040\000t\000o\000\040\000c\000o\000n\000t\000a\000i\000n\000e\000r\000s}{chapter.5}% 39
\BOOKMARK [2][-]{subsection.5.1.1}{\376\377\000D\000o\000c\000k\000e\000r\000\040\000i\000m\000a\000g\000e\000s}{section.5.1}% 40
\BOOKMARK [2][-]{subsection.5.1.2}{\376\377\000A\000d\000v\000a\000n\000t\000a\000g\000e\000s\000\040\000o\000f\000\040\000D\000o\000c\000k\000e\000r}{section.5.1}% 41
\BOOKMARK [2][-]{subsection.5.1.3}{\376\377\000D\000o\000c\000k\000e\000r\000\040\000C\000o\000m\000p\000o\000s\000e}{section.5.1}% 42
\BOOKMARK [1][-]{section.5.2}{\376\377\000E\000v\000e\000r\000y\000t\000h\000i\000n\000g\000\040\000a\000s\000\040\000a\000\040\000s\000e\000r\000v\000i\000c\000e}{chapter.5}% 43
\BOOKMARK [2][-]{subsection.5.2.1}{\376\377\000S\000a\000a\000S\000\040\000-\000\040\000S\000o\000f\000t\000w\000a\000r\000e\000\040\000a\000s\000\040\000a\000\040\000S\000e\000r\000v\000i\000c\000e}{section.5.2}% 44
\BOOKMARK [2][-]{subsection.5.2.2}{\376\377\000M\000u\000l\000t\000i\000-\000t\000e\000n\000a\000n\000t\000\040\000s\000y\000s\000t\000e\000m\000s}{section.5.2}% 45
\BOOKMARK [2][-]{subsection.5.2.3}{\376\377\000A\000r\000c\000h\000i\000t\000e\000c\000t\000u\000r\000a\000l\000\040\000d\000e\000c\000i\000s\000i\000o\000n\000s}{section.5.2}% 46
\BOOKMARK [2][-]{subsection.5.2.4}{\376\377\000S\000c\000a\000l\000a\000b\000i\000l\000i\000t\000y}{section.5.2}% 47
\BOOKMARK [2][-]{subsection.5.2.5}{\376\377\000R\000e\000s\000i\000l\000i\000e\000n\000c\000e}{section.5.2}% 48
\BOOKMARK [2][-]{subsection.5.2.6}{\376\377\000S\000o\000f\000t\000w\000a\000r\000e\000\040\000s\000t\000r\000u\000c\000t\000u\000r\000e}{section.5.2}% 49
\BOOKMARK [1][-]{section.5.3}{\376\377\000K\000u\000b\000e\000r\000n\000e\000t\000e\000s}{chapter.5}% 50
\BOOKMARK [2][-]{subsection.5.3.1}{\376\377\000M\000a\000s\000t\000e\000r\000\040\000a\000n\000d\000\040\000n\000o\000d\000e\000s}{section.5.3}% 51
\BOOKMARK [2][-]{subsection.5.3.2}{\376\377\000D\000e\000c\000l\000a\000r\000a\000t\000i\000v\000e\000\040\000m\000o\000d\000e\000l\000\040\000a\000n\000d\000\040\000d\000e\000s\000i\000r\000e\000d\000\040\000s\000t\000a\000t\000e}{section.5.3}% 52
\BOOKMARK [2][-]{subsection.5.3.3}{\376\377\000P\000o\000d\000s}{section.5.3}% 53
\BOOKMARK [2][-]{subsection.5.3.4}{\376\377\000D\000e\000p\000l\000o\000y\000m\000e\000n\000t\000s}{section.5.3}% 54
\BOOKMARK [2][-]{subsection.5.3.5}{\376\377\000S\000e\000r\000v\000i\000c\000e}{section.5.3}% 55
\BOOKMARK [2][-]{subsection.5.3.6}{\376\377\000I\000n\000g\000r\000e\000s\000s}{section.5.3}% 56
\BOOKMARK [2][-]{subsection.5.3.7}{\376\377\000E\000v\000a\000l\000u\000a\000t\000i\000o\000n\000s}{section.5.3}% 57
\BOOKMARK [0][-]{chapter.6}{\376\377\000M\000i\000c\000r\000o\000s\000e\000r\000v\000i\000c\000e\000s}{}% 58
\BOOKMARK [1][-]{subsection.6.0.1}{\376\377\000M\000i\000c\000r\000o\000s\000e\000r\000v\000i\000c\000e\000s\000\040\000a\000r\000c\000h\000i\000t\000e\000c\000t\000u\000r\000e}{chapter.6}% 59
\BOOKMARK [2][-]{subsection.6.0.2}{\376\377\000S\000e\000r\000v\000i\000c\000e\000\040\000c\000o\000m\000m\000u\000n\000i\000c\000a\000t\000i\000o\000n\000s}{subsection.6.0.1}% 60
\BOOKMARK [2][-]{subsection.6.0.3}{\376\377\000D\000a\000t\000a\000\040\000d\000i\000s\000t\000r\000i\000b\000u\000t\000i\000o\000n\000\040\000a\000n\000d\000\040\000s\000h\000a\000r\000i\000n\000g}{subsection.6.0.1}% 61
\BOOKMARK [2][-]{subsection.6.0.4}{\376\377\000F\000a\000i\000l\000u\000r\000e\000\040\000m\000a\000n\000a\000g\000e\000m\000e\000n\000t}{subsection.6.0.1}% 62
\BOOKMARK [2][-]{subsection.6.0.5}{\376\377\000R\000E\000p\000r\000e\000s\000e\000n\000t\000a\000t\000i\000o\000n\000a\000l\000\040\000S\000t\000a\000t\000e\000\040\000T\000r\000a\000n\000s\000f\000e\000r}{subsection.6.0.1}% 63
\BOOKMARK [2][-]{subsection.6.0.6}{\376\377\000S\000e\000r\000v\000i\000c\000e\000\040\000d\000e\000p\000l\000o\000y\000m\000e\000n\000t\000\040\000a\000u\000t\000o\000m\000a\000t\000i\000o\000n}{subsection.6.0.1}% 64
\BOOKMARK [2][-]{subsection.6.0.7}{\376\377\000A\000r\000c\000h\000i\000t\000e\000c\000t\000u\000r\000a\000l\000\040\000s\000m\000e\000l\000l\000s\000\040\000a\000n\000d\000\040\000r\000e\000f\000a\000c\000t\000o\000r\000i\000n\000g\000s}{subsection.6.0.1}% 65
\BOOKMARK [2][-]{subsection.6.0.8}{\376\377\000M\000i\000c\000r\000o\000F\000r\000e\000s\000h\000e\000n\000e\000r}{subsection.6.0.1}% 66
\BOOKMARK [0][-]{chapter.7}{\376\377\000S\000e\000c\000u\000r\000i\000t\000y\000\040\000a\000n\000d\000\040\000P\000r\000i\000v\000a\000c\000y}{}% 67
\BOOKMARK [1][-]{subsection.7.0.1}{\376\377\000A\000t\000t\000a\000c\000k\000s\000\040\000a\000n\000d\000\040\000d\000e\000f\000e\000n\000s\000e\000s}{chapter.7}% 68
\BOOKMARK [2][-]{subsection.7.0.2}{\376\377\000A\000u\000t\000h\000e\000n\000t\000i\000c\000a\000t\000i\000o\000n}{subsection.7.0.1}% 69
\BOOKMARK [2][-]{subsection.7.0.3}{\376\377\000A\000u\000t\000h\000o\000r\000i\000z\000a\000t\000i\000o\000n}{subsection.7.0.1}% 70
\BOOKMARK [2][-]{subsection.7.0.4}{\376\377\000E\000n\000c\000r\000y\000p\000t\000i\000o\000n}{subsection.7.0.1}% 71
\BOOKMARK [2][-]{subsection.7.0.5}{\376\377\000A\000s\000y\000m\000m\000e\000t\000r\000i\000c\000\040\000e\000n\000c\000r\000y\000p\000t\000i\000o\000n}{subsection.7.0.1}% 72
\BOOKMARK [2][-]{subsection.7.0.6}{\376\377\000K\000e\000y\000\040\000M\000a\000n\000a\000g\000e\000m\000e\000n\000t}{subsection.7.0.1}% 73
\BOOKMARK [2][-]{subsection.7.0.7}{\376\377\000P\000r\000i\000v\000a\000c\000y}{subsection.7.0.1}% 74
\BOOKMARK [1][-]{section.7.1}{\376\377\000S\000e\000c\000u\000r\000i\000t\000y\000\040\000a\000n\000d\000\040\000m\000i\000c\000r\000o\000s\000e\000r\000v\000i\000c\000e\000s}{chapter.7}% 75
\BOOKMARK [2][-]{subsection.7.1.1}{\376\377\000S\000m\000e\000l\000l\000s\000\040\000a\000n\000d\000\040\000r\000e\000f\000a\000c\000t\000o\000r\000i\000n\000g\000\040\000f\000o\000r\000\040\000m\000i\000c\000r\000o\000s\000e\000r\000v\000i\000c\000e\000s\000\040\000s\000e\000c\000u\000r\000i\000t\000y}{section.7.1}% 76
\BOOKMARK [1][-]{section.7.2}{\376\377\000O\000W\000A\000S\000P\000\040\000A\000P\000I\000\040\000S\000e\000c\000u\000r\000i\000t\000y}{chapter.7}% 77
\BOOKMARK [0][-]{chapter.8}{\376\377\000D\000e\000v\000O\000p\000s\000\040\000a\000n\000d\000\040\000C\000o\000d\000e\000\040\000M\000a\000n\000a\000g\000e\000m\000e\000n\000t}{}% 78
\BOOKMARK [1][-]{subsection.8.0.1}{\376\377\000C\000o\000d\000e\000\040\000m\000a\000n\000a\000g\000e\000m\000e\000n\000t}{chapter.8}% 79
\BOOKMARK [2][-]{subsection.8.0.2}{\376\377\000C\000o\000n\000t\000i\000n\000o\000u\000s\000\040\000I\000n\000t\000e\000g\000r\000a\000t\000i\000o\000n}{subsection.8.0.1}% 80
\BOOKMARK [2][-]{subsection.8.0.3}{\376\377\000C\000o\000n\000t\000i\000n\000o\000u\000s\000\040\000D\000e\000l\000i\000v\000e\000r\000y}{subsection.8.0.1}% 81
\BOOKMARK [2][-]{subsection.8.0.4}{\376\377\000I\000n\000f\000r\000a\000s\000t\000r\000u\000c\000t\000u\000r\000e\000\040\000a\000s\000\040\000C\000o\000d\000e\000\040\000\050\000I\000a\000C\000\051}{subsection.8.0.1}% 82
\BOOKMARK [2][-]{subsection.8.0.5}{\376\377\000D\000e\000v\000O\000p\000s\000\040\000m\000e\000a\000s\000u\000r\000e\000m\000e\000n\000t}{subsection.8.0.1}% 83
\BOOKMARK [0][-]{chapter.9}{\376\377\000B\000u\000s\000i\000n\000e\000s\000s\000\040\000P\000r\000o\000c\000e\000s\000s\000\040\000M\000o\000d\000e\000l\000l\000i\000n\000g}{}% 84
\BOOKMARK [1][-]{section.9.1}{\376\377\000B\000u\000s\000i\000n\000e\000s\000s\000\040\000P\000r\000o\000c\000e\000s\000s\000\040\000M\000o\000d\000e\000l\000\040\000a\000n\000d\000\040\000N\000o\000t\000a\000t\000i\000o\000n\000\040\000-\000\040\000B\000P\000M\000N}{chapter.9}% 85
\BOOKMARK [1][-]{section.9.2}{\376\377\000W\000o\000r\000k\000f\000l\000o\000w\000\040\000n\000e\000t\000s}{chapter.9}% 86
\BOOKMARK [0][-]{chapter.10}{\376\377\000T\000e\000s\000t\000i\000n\000g}{}% 87
\BOOKMARK [1][-]{subsection.10.0.1}{\376\377\000F\000u\000n\000c\000t\000i\000o\000n\000a\000l\000\040\000t\000e\000s\000t\000i\000n\000g}{chapter.10}% 88
\BOOKMARK [2][-]{subsection.10.0.2}{\376\377\000T\000e\000s\000t\000\040\000a\000u\000t\000o\000m\000a\000t\000i\000o\000n}{subsection.10.0.1}% 89
\BOOKMARK [2][-]{subsection.10.0.3}{\376\377\000T\000D\000D\000\040\000-\000\040\000T\000e\000s\000t\000\040\000D\000r\000i\000v\000e\000n\000\040\000D\000e\000v\000e\000l\000o\000p\000m\000e\000n\000t}{subsection.10.0.1}% 90
\BOOKMARK [2][-]{subsection.10.0.4}{\376\377\000S\000e\000c\000u\000r\000i\000t\000y\000\040\000T\000e\000s\000t\000i\000n\000g}{subsection.10.0.1}% 91
\BOOKMARK [2][-]{subsection.10.0.5}{\376\377\000C\000o\000d\000e\000\040\000r\000e\000v\000i\000e\000w\000s}{subsection.10.0.1}% 92
