This is pdfTeX, Version 3.141592653-2.6-1.40.22 (TeX Live 2022/dev/Debian) (preloaded format=pdflatex 2022.10.13)  13 DEC 2022 16:49
entering extended mode
 restricted \write18 enabled.
 %&-line parsing enabled.
**notes.tex
(./notes.tex
LaTeX2e <2021-11-15> patch level 1
L3 programming layer <2022-01-21>
(/usr/share/texlive/texmf-dist/tex/latex/base/report.cls
Document Class: report 2021/10/04 v1.4n Standard LaTeX document class
(/usr/share/texlive/texmf-dist/tex/latex/base/size10.clo
File: size10.clo 2021/10/04 v1.4n Standard LaTeX file (size option)
)
\c@part=\count185
\c@chapter=\count186
\c@section=\count187
\c@subsection=\count188
\c@subsubsection=\count189
\c@paragraph=\count190
\c@subparagraph=\count191
\c@figure=\count192
\c@table=\count193
\abovecaptionskip=\skip47
\belowcaptionskip=\skip48
\bibindent=\dimen138
)
(/usr/share/texlive/texmf-dist/tex/latex/geometry/geometry.sty
Package: geometry 2020/01/02 v5.9 Page Geometry

(/usr/share/texlive/texmf-dist/tex/latex/graphics/keyval.sty
Package: keyval 2014/10/28 v1.15 key=value parser (DPC)
\KV@toks@=\toks16
)
(/usr/share/texlive/texmf-dist/tex/generic/iftex/ifvtex.sty
Package: ifvtex 2019/10/25 v1.7 ifvtex legacy package. Use iftex instead.

(/usr/share/texlive/texmf-dist/tex/generic/iftex/iftex.sty
Package: iftex 2020/03/06 v1.0d TeX engine tests
))
\Gm@cnth=\count194
\Gm@cntv=\count195
\c@Gm@tempcnt=\count196
\Gm@bindingoffset=\dimen139
\Gm@wd@mp=\dimen140
\Gm@odd@mp=\dimen141
\Gm@even@mp=\dimen142
\Gm@layoutwidth=\dimen143
\Gm@layoutheight=\dimen144
\Gm@layouthoffset=\dimen145
\Gm@layoutvoffset=\dimen146
\Gm@dimlist=\toks17
)
(/usr/share/texlive/texmf-dist/tex/latex/amsfonts/amsfonts.sty
Package: amsfonts 2013/01/14 v3.01 Basic AMSFonts support
\@emptytoks=\toks18
\symAMSa=\mathgroup4
\symAMSb=\mathgroup5
LaTeX Font Info:    Redeclaring math symbol \hbar on input line 98.
LaTeX Font Info:    Overwriting math alphabet `\mathfrak' in version `bold'
(Font)                  U/euf/m/n --> U/euf/b/n on input line 106.
)
(/usr/share/texlive/texmf-dist/tex/latex/graphics/graphicx.sty
Package: graphicx 2021/09/16 v1.2d Enhanced LaTeX Graphics (DPC,SPQR)

(/usr/share/texlive/texmf-dist/tex/latex/graphics/graphics.sty
Package: graphics 2021/03/04 v1.4d Standard LaTeX Graphics (DPC,SPQR)

(/usr/share/texlive/texmf-dist/tex/latex/graphics/trig.sty
Package: trig 2021/08/11 v1.11 sin cos tan (DPC)
)
(/usr/share/texlive/texmf-dist/tex/latex/graphics-cfg/graphics.cfg
File: graphics.cfg 2016/06/04 v1.11 sample graphics configuration
)
Package graphics Info: Driver file: pdftex.def on input line 107.

(/usr/share/texlive/texmf-dist/tex/latex/graphics-def/pdftex.def
File: pdftex.def 2020/10/05 v1.2a Graphics/color driver for pdftex
))
\Gin@req@height=\dimen147
\Gin@req@width=\dimen148
)
(/usr/share/texlive/texmf-dist/tex/latex/csquotes/csquotes.sty
Package: csquotes 2021-02-22 v5.2l context-sensitive quotations (JAW)

(/usr/share/texlive/texmf-dist/tex/latex/etoolbox/etoolbox.sty
Package: etoolbox 2020/10/05 v2.5k e-TeX tools for LaTeX (JAW)
\etb@tempcnta=\count197
)
\csq@reset=\count198
\csq@gtype=\count199
\csq@glevel=\count266
\csq@qlevel=\count267
\csq@maxlvl=\count268
\csq@tshold=\count269
\csq@ltx@everypar=\toks19

(/usr/share/texlive/texmf-dist/tex/latex/csquotes/csquotes.def
File: csquotes.def 2021-02-22 v5.2l csquotes generic definitions (JAW)
)
Package csquotes Info: Trying to load configuration file 'csquotes.cfg'...
Package csquotes Info: ... configuration file loaded successfully.

(/usr/share/texlive/texmf-dist/tex/latex/csquotes/csquotes.cfg
File: csquotes.cfg 
))
(/usr/share/texlive/texmf-dist/tex/latex/hyperref/hyperref.sty
Package: hyperref 2021-06-07 v7.00m Hypertext links for LaTeX

(/usr/share/texlive/texmf-dist/tex/generic/ltxcmds/ltxcmds.sty
Package: ltxcmds 2020-05-10 v1.25 LaTeX kernel commands for general use (HO)
)
(/usr/share/texlive/texmf-dist/tex/generic/pdftexcmds/pdftexcmds.sty
Package: pdftexcmds 2020-06-27 v0.33 Utility functions of pdfTeX for LuaTeX (HO
)

(/usr/share/texlive/texmf-dist/tex/generic/infwarerr/infwarerr.sty
Package: infwarerr 2019/12/03 v1.5 Providing info/warning/error messages (HO)
)
Package pdftexcmds Info: \pdf@primitive is available.
Package pdftexcmds Info: \pdf@ifprimitive is available.
Package pdftexcmds Info: \pdfdraftmode found.
)
(/usr/share/texlive/texmf-dist/tex/generic/kvsetkeys/kvsetkeys.sty
Package: kvsetkeys 2019/12/15 v1.18 Key value parser (HO)
)
(/usr/share/texlive/texmf-dist/tex/generic/kvdefinekeys/kvdefinekeys.sty
Package: kvdefinekeys 2019-12-19 v1.6 Define keys (HO)
)
(/usr/share/texlive/texmf-dist/tex/generic/pdfescape/pdfescape.sty
Package: pdfescape 2019/12/09 v1.15 Implements pdfTeX's escape features (HO)
)
(/usr/share/texlive/texmf-dist/tex/latex/hycolor/hycolor.sty
Package: hycolor 2020-01-27 v1.10 Color options for hyperref/bookmark (HO)
)
(/usr/share/texlive/texmf-dist/tex/latex/letltxmacro/letltxmacro.sty
Package: letltxmacro 2019/12/03 v1.6 Let assignment for LaTeX macros (HO)
)
(/usr/share/texlive/texmf-dist/tex/latex/auxhook/auxhook.sty
Package: auxhook 2019-12-17 v1.6 Hooks for auxiliary files (HO)
)
(/usr/share/texlive/texmf-dist/tex/latex/kvoptions/kvoptions.sty
Package: kvoptions 2020-10-07 v3.14 Key value format for package options (HO)
)
\@linkdim=\dimen149
\Hy@linkcounter=\count270
\Hy@pagecounter=\count271

(/usr/share/texlive/texmf-dist/tex/latex/hyperref/pd1enc.def
File: pd1enc.def 2021-06-07 v7.00m Hyperref: PDFDocEncoding definition (HO)
Now handling font encoding PD1 ...
... no UTF-8 mapping file for font encoding PD1
)
(/usr/share/texlive/texmf-dist/tex/latex/hyperref/hyperref-langpatches.def
File: hyperref-langpatches.def 2021-06-07 v7.00m Hyperref: patches for babel la
nguages
)
(/usr/share/texlive/texmf-dist/tex/generic/intcalc/intcalc.sty
Package: intcalc 2019/12/15 v1.3 Expandable calculations with integers (HO)
)
(/usr/share/texlive/texmf-dist/tex/generic/etexcmds/etexcmds.sty
Package: etexcmds 2019/12/15 v1.7 Avoid name clashes with e-TeX commands (HO)
)
\Hy@SavedSpaceFactor=\count272

(/usr/share/texlive/texmf-dist/tex/latex/hyperref/puenc.def
File: puenc.def 2021-06-07 v7.00m Hyperref: PDF Unicode definition (HO)
Now handling font encoding PU ...
... no UTF-8 mapping file for font encoding PU
)
Package hyperref Info: Hyper figures OFF on input line 4192.
Package hyperref Info: Link nesting OFF on input line 4197.
Package hyperref Info: Hyper index ON on input line 4200.
Package hyperref Info: Plain pages OFF on input line 4207.
Package hyperref Info: Backreferencing OFF on input line 4212.
Package hyperref Info: Implicit mode ON; LaTeX internals redefined.
Package hyperref Info: Bookmarks ON on input line 4445.
\c@Hy@tempcnt=\count273

(/usr/share/texlive/texmf-dist/tex/latex/url/url.sty
\Urlmuskip=\muskip16
Package: url 2013/09/16  ver 3.4  Verb mode for urls, etc.
)
LaTeX Info: Redefining \url on input line 4804.
\XeTeXLinkMargin=\dimen150

(/usr/share/texlive/texmf-dist/tex/generic/bitset/bitset.sty
Package: bitset 2019/12/09 v1.3 Handle bit-vector datatype (HO)

(/usr/share/texlive/texmf-dist/tex/generic/bigintcalc/bigintcalc.sty
Package: bigintcalc 2019/12/15 v1.5 Expandable calculations on big integers (HO
)
))
\Fld@menulength=\count274
\Field@Width=\dimen151
\Fld@charsize=\dimen152
Package hyperref Info: Hyper figures OFF on input line 6076.
Package hyperref Info: Link nesting OFF on input line 6081.
Package hyperref Info: Hyper index ON on input line 6084.
Package hyperref Info: backreferencing OFF on input line 6091.
Package hyperref Info: Link coloring OFF on input line 6096.
Package hyperref Info: Link coloring with OCG OFF on input line 6101.
Package hyperref Info: PDF/A mode OFF on input line 6106.
LaTeX Info: Redefining \ref on input line 6146.
LaTeX Info: Redefining \pageref on input line 6150.

(/usr/share/texlive/texmf-dist/tex/latex/base/atbegshi-ltx.sty
Package: atbegshi-ltx 2021/01/10 v1.0c Emulation of the original atbegshi
package with kernel methods
)
\Hy@abspage=\count275
\c@Item=\count276
\c@Hfootnote=\count277
)
Package hyperref Info: Driver (autodetected): hpdftex.

(/usr/share/texlive/texmf-dist/tex/latex/hyperref/hpdftex.def
File: hpdftex.def 2021-06-07 v7.00m Hyperref driver for pdfTeX

(/usr/share/texlive/texmf-dist/tex/latex/base/atveryend-ltx.sty
Package: atveryend-ltx 2020/08/19 v1.0a Emulation of the original atveryend pac
kage
with kernel methods
)
\Fld@listcount=\count278
\c@bookmark@seq@number=\count279

(/usr/share/texlive/texmf-dist/tex/latex/rerunfilecheck/rerunfilecheck.sty
Package: rerunfilecheck 2019/12/05 v1.9 Rerun checks for auxiliary files (HO)

(/usr/share/texlive/texmf-dist/tex/generic/uniquecounter/uniquecounter.sty
Package: uniquecounter 2019/12/15 v1.4 Provide unlimited unique counter (HO)
)
Package uniquecounter Info: New unique counter `rerunfilecheck' on input line 2
86.
)
\Hy@SectionHShift=\skip49
)
(/usr/share/texlive/texmf-dist/tex/latex/caption/caption.sty
Package: caption 2020/10/26 v3.5g Customizing captions (AR)

(/usr/share/texlive/texmf-dist/tex/latex/caption/caption3.sty
Package: caption3 2020/10/21 v2.2e caption3 kernel (AR)
\captionmargin=\dimen153
\captionmargin@=\dimen154
\captionwidth=\dimen155
\caption@tempdima=\dimen156
\caption@indent=\dimen157
\caption@parindent=\dimen158
\caption@hangindent=\dimen159
Package caption Info: Standard document class detected.
)
\c@caption@flags=\count280
\c@continuedfloat=\count281
Package caption Info: hyperref package is loaded.
)
(/usr/share/texlive/texmf-dist/tex/latex/epstopdf-pkg/epstopdf.sty
Package: epstopdf 2020-01-24 v2.11 Conversion with epstopdf on the fly (HO)

(/usr/share/texlive/texmf-dist/tex/latex/grfext/grfext.sty
Package: grfext 2019/12/03 v1.3 Manage graphics extensions (HO)
)
(/usr/share/texlive/texmf-dist/tex/latex/epstopdf-pkg/epstopdf-base.sty
Package: epstopdf-base 2020-01-24 v2.11 Base part for package epstopdf
Package epstopdf-base Info: Redefining graphics rule for `.eps' on input line 4
85.
Package grfext Info: Graphics extension search list:
(grfext)             [.pdf,.png,.jpg,.mps,.jpeg,.jbig2,.jb2,.PDF,.PNG,.JPG,.JPE
G,.JBIG2,.JB2,.eps]
(grfext)             \AppendGraphicsExtensions on input line 504.

(/usr/share/texlive/texmf-dist/tex/latex/latexconfig/epstopdf-sys.cfg
File: epstopdf-sys.cfg 2010/07/13 v1.3 Configuration of (r)epstopdf for TeX Liv
e
)))
(/usr/share/texlive/texmf-dist/tex/latex/caption/subcaption.sty
Package: subcaption 2020/10/07 v1.3j Sub-captions (AR)
\c@subfigure=\count282
\c@subtable=\count283
)
(/usr/share/texlive/texmf-dist/tex/latex/listings/listings.sty
\lst@mode=\count284
\lst@gtempboxa=\box50
\lst@token=\toks20
\lst@length=\count285
\lst@currlwidth=\dimen160
\lst@column=\count286
\lst@pos=\count287
\lst@lostspace=\dimen161
\lst@width=\dimen162
\lst@newlines=\count288
\lst@lineno=\count289
\lst@maxwidth=\dimen163

(/usr/share/texlive/texmf-dist/tex/latex/listings/lstmisc.sty
File: lstmisc.sty 2020/03/24 1.8d (Carsten Heinz)
\c@lstnumber=\count290
\lst@skipnumbers=\count291
\lst@framebox=\box51
)
(/usr/share/texlive/texmf-dist/tex/latex/listings/listings.cfg
File: listings.cfg 2020/03/24 1.8d listings configuration
))
Package: listings 2020/03/24 1.8d (Carsten Heinz)

(/usr/share/texlive/texmf-dist/tex/latex/xcolor/xcolor.sty
Package: xcolor 2021/10/31 v2.13 LaTeX color extensions (UK)

(/usr/share/texlive/texmf-dist/tex/latex/graphics-cfg/color.cfg
File: color.cfg 2016/01/02 v1.6 sample color configuration
)
Package xcolor Info: Driver file: pdftex.def on input line 227.
Package xcolor Info: Model `cmy' substituted by `cmy0' on input line 1352.
Package xcolor Info: Model `hsb' substituted by `rgb' on input line 1356.
Package xcolor Info: Model `RGB' extended on input line 1368.
Package xcolor Info: Model `HTML' substituted by `rgb' on input line 1370.
Package xcolor Info: Model `Hsb' substituted by `hsb' on input line 1371.
Package xcolor Info: Model `tHsb' substituted by `hsb' on input line 1372.
Package xcolor Info: Model `HSB' substituted by `hsb' on input line 1373.
Package xcolor Info: Model `Gray' substituted by `gray' on input line 1374.
Package xcolor Info: Model `wave' substituted by `hsb' on input line 1375.

(/usr/share/texlive/texmf-dist/tex/latex/graphics/dvipsnam.def
File: dvipsnam.def 2016/06/17 v3.0m Driver-dependent file (DPC,SPQR)
))
Package csquotes Info: Checking for multilingual support...
Package csquotes Info: ... none found.

(/usr/share/texlive/texmf-dist/tex/latex/l3backend/l3backend-pdftex.def
File: l3backend-pdftex.def 2022-01-12 L3 backend support: PDF output (pdfTeX)
\l__color_backend_stack_int=\count292
\l__pdf_internal_box=\box52
)
(./notes.aux)
\openout1 = `notes.aux'.

LaTeX Font Info:    Checking defaults for OML/cmm/m/it on input line 57.
LaTeX Font Info:    ... okay on input line 57.
LaTeX Font Info:    Checking defaults for OMS/cmsy/m/n on input line 57.
LaTeX Font Info:    ... okay on input line 57.
LaTeX Font Info:    Checking defaults for OT1/cmr/m/n on input line 57.
LaTeX Font Info:    ... okay on input line 57.
LaTeX Font Info:    Checking defaults for T1/cmr/m/n on input line 57.
LaTeX Font Info:    ... okay on input line 57.
LaTeX Font Info:    Checking defaults for TS1/cmr/m/n on input line 57.
LaTeX Font Info:    ... okay on input line 57.
LaTeX Font Info:    Checking defaults for OMX/cmex/m/n on input line 57.
LaTeX Font Info:    ... okay on input line 57.
LaTeX Font Info:    Checking defaults for U/cmr/m/n on input line 57.
LaTeX Font Info:    ... okay on input line 57.
LaTeX Font Info:    Checking defaults for PD1/pdf/m/n on input line 57.
LaTeX Font Info:    ... okay on input line 57.
LaTeX Font Info:    Checking defaults for PU/pdf/m/n on input line 57.
LaTeX Font Info:    ... okay on input line 57.

*geometry* driver: auto-detecting
*geometry* detected driver: pdftex
*geometry* verbose mode - [ preamble ] result:
* driver: pdftex
* paper: a4paper
* layout: <same size as paper>
* layoutoffset:(h,v)=(0.0pt,0.0pt)
* modes: 
* h-part:(L,W,R)=(71.13188pt, 455.24411pt, 71.13188pt)
* v-part:(T,H,B)=(71.13188pt, 717.00946pt, 56.9055pt)
* \paperwidth=597.50787pt
* \paperheight=845.04684pt
* \textwidth=455.24411pt
* \textheight=717.00946pt
* \oddsidemargin=-1.1381pt
* \evensidemargin=-1.1381pt
* \topmargin=-38.1381pt
* \headheight=12.0pt
* \headsep=25.0pt
* \topskip=10.0pt
* \footskip=30.0pt
* \marginparwidth=57.0pt
* \marginparsep=11.0pt
* \columnsep=10.0pt
* \skip\footins=9.0pt plus 4.0pt minus 2.0pt
* \hoffset=0.0pt
* \voffset=0.0pt
* \mag=1000
* \@twocolumnfalse
* \@twosidefalse
* \@mparswitchfalse
* \@reversemarginfalse
* (1in=72.27pt=25.4mm, 1cm=28.453pt)

(/usr/share/texlive/texmf-dist/tex/context/base/mkii/supp-pdf.mkii
[Loading MPS to PDF converter (version 2006.09.02).]
\scratchcounter=\count293
\scratchdimen=\dimen164
\scratchbox=\box53
\nofMPsegments=\count294
\nofMParguments=\count295
\everyMPshowfont=\toks21
\MPscratchCnt=\count296
\MPscratchDim=\dimen165
\MPnumerator=\count297
\makeMPintoPDFobject=\count298
\everyMPtoPDFconversion=\toks22
)
Package hyperref Info: Link coloring OFF on input line 57.
 (/usr/share/texlive/texmf-dist/tex/latex/hyperref/nameref.sty
Package: nameref 2021-04-02 v2.47 Cross-referencing by name of section

(/usr/share/texlive/texmf-dist/tex/latex/refcount/refcount.sty
Package: refcount 2019/12/15 v3.6 Data extraction from label references (HO)
)
(/usr/share/texlive/texmf-dist/tex/generic/gettitlestring/gettitlestring.sty
Package: gettitlestring 2019/12/15 v1.6 Cleanup title references (HO)
)
\c@section@level=\count299
)
LaTeX Info: Redefining \ref on input line 57.
LaTeX Info: Redefining \pageref on input line 57.
LaTeX Info: Redefining \nameref on input line 57.

(./notes.out) (./notes.out)
\@outlinefile=\write3
\openout3 = `notes.out'.

Package caption Info: Begin \AtBeginDocument code.
Package caption Info: listings package is loaded.
Package caption Info: End \AtBeginDocument code.
\c@lstlisting=\count300
 (./cover.tex
<./images//cherubino_pant541_144.png, id=373, 144.54pt x 147.55125pt>
File: ./images//cherubino_pant541_144.png Graphic file (type png)
<use ./images//cherubino_pant541_144.png>
Package pdftex.def Info: ./images//cherubino_pant541_144.png  used on input lin
e 4.
(pdftex.def)             Requested size: 72.2698pt x 73.77544pt.
 [1


{/var/lib/texmf/fonts/map/pdftex/updmap/pdftex.map} <./images//cherubino_pant54
1_144.png>])pdfTeX warning (ext4): destination with the same identifier (name{p
age.1}) has been already used, duplicate ignored
<to be read again> 
                   \relax 
l.63 	\newpage
               % if you wish [1] (./notes.toc
LaTeX Font Info:    Trying to load font information for U+msa on input line 2.

(/usr/share/texlive/texmf-dist/tex/latex/amsfonts/umsa.fd
File: umsa.fd 2013/01/14 v3.01 AMS symbols A
)
LaTeX Font Info:    Trying to load font information for U+msb on input line 2.

(/usr/share/texlive/texmf-dist/tex/latex/amsfonts/umsb.fd
File: umsb.fd 2013/01/14 v3.01 AMS symbols B
) [2

])
\tf@toc=\write4
\openout4 = `notes.toc'.

 [3]
Chapter 1.
<./images//image01.png, id=492, 507.8975pt x 370.38374pt>
File: ./images//image01.png Graphic file (type png)
<use ./images//image01.png>
Package pdftex.def Info: ./images//image01.png  used on input line 76.
(pdftex.def)             Requested size: 295.90588pt x 215.79478pt.
<./images//image02.png, id=495, 626.34pt x 385.44pt>
File: ./images//image02.png Graphic file (type png)
<use ./images//image02.png>
Package pdftex.def Info: ./images//image02.png  used on input line 87.
(pdftex.def)             Requested size: 295.90588pt x 182.09784pt.

LaTeX Warning: `h' float specifier changed to `ht'.

[4

 <./images//image01.png>]
<./images//image03.png, id=504, 691.58376pt x 387.4475pt>
File: ./images//image03.png Graphic file (type png)
<use ./images//image03.png>
Package pdftex.def Info: ./images//image03.png  used on input line 109.
(pdftex.def)             Requested size: 295.90588pt x 165.7774pt.
 [5 <./images//image02.png> <./images//image03.png>]
<./images//image04.png, id=518, 577.15625pt x 195.73125pt>
File: ./images//image04.png Graphic file (type png)
<use ./images//image04.png>
Package pdftex.def Info: ./images//image04.png  used on input line 148.
(pdftex.def)             Requested size: 318.66948pt x 108.07362pt.
<./images//image05.png, id=519, 945.5325pt x 478.78876pt>
File: ./images//image05.png Graphic file (type png)
<use ./images//image05.png>
Package pdftex.def Info: ./images//image05.png  used on input line 155.
(pdftex.def)             Requested size: 318.66948pt x 161.36871pt.
<./images//image06.png, id=520, 890.32625pt x 382.42876pt>
File: ./images//image06.png Graphic file (type png)
<use ./images//image06.png>
Package pdftex.def Info: ./images//image06.png  used on input line 166.
(pdftex.def)             Requested size: 318.66948pt x 136.88063pt.

LaTeX Warning: `h' float specifier changed to `ht'.

[6 <./images//image04.png> <./images//image05.png>] [7 <./images//image06.png>]
Chapter 2.
<./images//image07.png, id=535, 699.61375pt x 410.53375pt>
File: ./images//image07.png Graphic file (type png)
<use ./images//image07.png>
Package pdftex.def Info: ./images//image07.png  used on input line 248.
(pdftex.def)             Requested size: 318.66948pt x 186.99986pt.

LaTeX Warning: `h' float specifier changed to `ht'.

[8

]
<./images//image08.png, id=547, 430.60875pt x 372.39125pt>
File: ./images//image08.png Graphic file (type png)
<use ./images//image08.png>
Package pdftex.def Info: ./images//image08.png  used on input line 284.
(pdftex.def)             Requested size: 318.66948pt x 275.59361pt.


LaTeX Warning: `h' float specifier changed to `ht'.

[9 <./images//image07.png>] [10 <./images//image08.png>]
<./images//image09.png, id=566, 524.96124pt x 473.77pt>
File: ./images//image09.png Graphic file (type png)
<use ./images//image09.png>
Package pdftex.def Info: ./images//image09.png  used on input line 372.
(pdftex.def)             Requested size: 318.66948pt x 287.60405pt.
 [11 <./images//image09.png>]
<./images//image10.png, id=573, 596.2275pt x 482.80376pt>
File: ./images//image10.png Graphic file (type png)
<use ./images//image10.png>
Package pdftex.def Info: ./images//image10.png  used on input line 424.
(pdftex.def)             Requested size: 318.66948pt x 258.0433pt.
 [12 <./images//image10.png>]
<./images//image11.png, id=588, 462.72874pt x 421.575pt>
File: ./images//image11.png Graphic file (type png)
<use ./images//image11.png>
Package pdftex.def Info: ./images//image11.png  used on input line 473.
(pdftex.def)             Requested size: 318.66948pt x 290.32741pt.


LaTeX Warning: `h' float specifier changed to `ht'.

<./images//image12.png, id=589, 697.60625pt x 369.38pt>
File: ./images//image12.png Graphic file (type png)
<use ./images//image12.png>
Package pdftex.def Info: ./images//image12.png  used on input line 483.
(pdftex.def)             Requested size: 318.66948pt x 168.73323pt.

LaTeX Warning: `h' float specifier changed to `ht'.

[13]
<./images//image13.png, id=596, 683.55376pt x 230.8625pt>
File: ./images//image13.png Graphic file (type png)
<use ./images//image13.png>
Package pdftex.def Info: ./images//image13.png  used on input line 514.
(pdftex.def)             Requested size: 318.66948pt x 107.62823pt.


LaTeX Warning: `h' float specifier changed to `ht'.

[14 <./images//image11.png>]
<./images//image14.png, id=603, 548.0475pt x 318.18875pt>
File: ./images//image14.png Graphic file (type png)
<use ./images//image14.png>
Package pdftex.def Info: ./images//image14.png  used on input line 545.
(pdftex.def)             Requested size: 318.66948pt x 185.01569pt.


LaTeX Warning: `h' float specifier changed to `ht'.

<./images//image15.png, id=604, 610.28pt x 408.52625pt>
File: ./images//image15.png Graphic file (type png)
<use ./images//image15.png>
Package pdftex.def Info: ./images//image15.png  used on input line 558.
(pdftex.def)             Requested size: 318.66948pt x 213.32628pt.

LaTeX Warning: `h' float specifier changed to `ht'.

[15 <./images//image12.png> <./images//image13.png>] [16 <./images//image14.png
> <./images//image15.png>]
Chapter 3.
<./images//image16.png, id=620, 644.4075pt x 473.77pt>
File: ./images//image16.png Graphic file (type png)
<use ./images//image16.png>
Package pdftex.def Info: ./images//image16.png  used on input line 575.
(pdftex.def)             Requested size: 318.66948pt x 234.29639pt.
[17

 <./images//image16.png>]
<./images//image17.png, id=627, 554.07pt x 438.63875pt>
File: ./images//image17.png Graphic file (type png)
<use ./images//image17.png>
Package pdftex.def Info: ./images//image17.png  used on input line 603.
(pdftex.def)             Requested size: 318.66948pt x 252.28224pt.
<./images//image18.png, id=629, 690.58pt x 414.54875pt>
File: ./images//image18.png Graphic file (type png)
<use ./images//image18.png>
Package pdftex.def Info: ./images//image18.png  used on input line 617.
(pdftex.def)             Requested size: 318.66948pt x 191.29565pt.


LaTeX Warning: `h' float specifier changed to `ht'.

<./images//image19.png, id=631, 695.59875pt x 431.6125pt>
File: ./images//image19.png Graphic file (type png)
<use ./images//image19.png>
Package pdftex.def Info: ./images//image19.png  used on input line 630.
(pdftex.def)             Requested size: 318.66948pt x 197.72751pt.

LaTeX Warning: `h' float specifier changed to `ht'.

[18 <./images//image17.png>]
<./images//image20.png, id=643, 1760.5775pt x 639.38875pt>
File: ./images//image20.png Graphic file (type png)
<use ./images//image20.png>
Package pdftex.def Info: ./images//image20.png  used on input line 655.
(pdftex.def)             Requested size: 318.66948pt x 115.72891pt.


LaTeX Warning: `h' float specifier changed to `ht'.

[19 <./images//image18.png> <./images//image19.png>]
<./images//image21.png, id=653, 454.69875pt x 341.275pt>
File: ./images//image21.png Graphic file (type png)
<use ./images//image21.png>
Package pdftex.def Info: ./images//image21.png  used on input line 700.
(pdftex.def)             Requested size: 318.66948pt x 239.18248pt.


LaTeX Warning: `h' float specifier changed to `ht'.

<./images//image22.png, id=655, 684.5575pt x 387.4475pt>
File: ./images//image22.png Graphic file (type png)
<use ./images//image22.png>
Package pdftex.def Info: ./images//image22.png  used on input line 718.
(pdftex.def)             Requested size: 318.66948pt x 180.36223pt.

LaTeX Warning: `h' float specifier changed to `ht'.

[20 <./images//image20.png>] [21 <./images//image21.png> <./images//image22.png
>]
Chapter 4.

Package hyperref Warning: Difference (2) between bookmark levels is greater 
(hyperref)                than one, level fixed on input line 737.

<./images//image23.png, id=673, 654.445pt x 409.53pt>
File: ./images//image23.png Graphic file (type png)
<use ./images//image23.png>
Package pdftex.def Info: ./images//image23.png  used on input line 743.
(pdftex.def)             Requested size: 318.66948pt x 199.40916pt.
[22

 <./images//image23.png>]
<./images//image24.png, id=682, 489.83pt x 350.30875pt>
File: ./images//image24.png Graphic file (type png)
<use ./images//image24.png>
Package pdftex.def Info: ./images//image24.png  used on input line 761.
(pdftex.def)             Requested size: 318.66948pt x 227.90645pt.
<./images//image25.png, id=683, 1550.79375pt x 613.29124pt>
File: ./images//image25.png Graphic file (type png)
<use ./images//image25.png>
Package pdftex.def Info: ./images//image25.png  used on input line 782.
(pdftex.def)             Requested size: 318.66948pt x 126.01561pt.


LaTeX Warning: `h' float specifier changed to `ht'.

[23 <./images//image24.png>]
<./images//image26.png, id=699, 644.4075pt x 335.2525pt>
File: ./images//image26.png Graphic file (type png)
<use ./images//image26.png>
Package pdftex.def Info: ./images//image26.png  used on input line 796.
(pdftex.def)             Requested size: 318.66948pt x 165.79446pt.
<./images//image27.png, id=700, 540.0175pt x 384.43625pt>
File: ./images//image27.png Graphic file (type png)
<use ./images//image27.png>
Package pdftex.def Info: ./images//image27.png  used on input line 802.
(pdftex.def)             Requested size: 318.66948pt x 226.86234pt.


LaTeX Warning: `h' float specifier changed to `ht'.

<./images//image28.png, id=702, 309.155pt x 362.35374pt>
File: ./images//image28.png Graphic file (type png)
<use ./images//image28.png>
Package pdftex.def Info: ./images//image28.png  used on input line 810.
(pdftex.def)             Requested size: 318.66948pt x 373.53815pt.

LaTeX Warning: `h' float specifier changed to `ht'.

[24 <./images//image25.png> <./images//image26.png>]
<./images//image29.png, id=715, 575.14874pt x 375.4025pt>
File: ./images//image29.png Graphic file (type png)
<use ./images//image29.png>
Package pdftex.def Info: ./images//image29.png  used on input line 852.
(pdftex.def)             Requested size: 318.66948pt x 208.00143pt.
 [25 <./images//image27.png>]

LaTeX Warning: `h' float specifier changed to `ht'.

<./images//image30.png, id=727, 478.78876pt x 477.785pt>
File: ./images//image30.png Graphic file (type png)
<use ./images//image30.png>
Package pdftex.def Info: ./images//image30.png  used on input line 860.
(pdftex.def)             Requested size: 318.66948pt x 318.00006pt.

LaTeX Warning: `h' float specifier changed to `ht'.

<./images//image31.png, id=728, 623.32875pt x 364.36125pt>
File: ./images//image31.png Graphic file (type png)
<use ./images//image31.png>
Package pdftex.def Info: ./images//image31.png  used on input line 873.
(pdftex.def)             Requested size: 318.66948pt x 186.27766pt.

LaTeX Warning: `h' float specifier changed to `ht'.

<./images//image32.png, id=729, 650.43pt x 408.52625pt>
File: ./images//image32.png Graphic file (type png)
<use ./images//image32.png>
Package pdftex.def Info: ./images//image32.png  used on input line 882.
(pdftex.def)             Requested size: 318.66948pt x 200.15468pt.
[26 <./images//image28.png>]

LaTeX Warning: `h' float specifier changed to `ht'.

[27 <./images//image29.png>] [28 <./images//image30.png>]
<./images//image33.png, id=747, 1666.225pt x 840.13875pt>
File: ./images//image33.png Graphic file (type png)
<use ./images//image33.png>
Package pdftex.def Info: ./images//image33.png  used on input line 946.
(pdftex.def)             Requested size: 318.66948pt x 160.6664pt.
 [29 <./images//image31.png> <./images//image32.png>]
<./images//image34.png, id=757, 752.8125pt x 451.6875pt>
File: ./images//image34.png Graphic file (type png)
<use ./images//image34.png>
Package pdftex.def Info: ./images//image34.png  used on input line 954.
(pdftex.def)             Requested size: 318.66948pt x 191.20305pt.
<./images//image35.png, id=759, 1419.3025pt x 304.13625pt>
File: ./images//image35.png Graphic file (type png)
<use ./images//image35.png>
Package pdftex.def Info: ./images//image35.png  used on input line 963.
(pdftex.def)             Requested size: 318.66948pt x 68.28383pt.
<./images//image36.png, id=761, 715.67375pt x 340.27126pt>
File: ./images//image36.png Graphic file (type png)
<use ./images//image36.png>
Package pdftex.def Info: ./images//image36.png  used on input line 971.
(pdftex.def)             Requested size: 318.66948pt x 151.51628pt.
 [30 <./images//image33.png> <./images//image34.png> <./images//image35.png>]
<./images//image37.png, id=776, 998.73125pt x 228.855pt>
File: ./images//image37.png Graphic file (type png)
<use ./images//image37.png>
Package pdftex.def Info: ./images//image37.png  used on input line 984.
(pdftex.def)             Requested size: 204.85846pt x 46.94002pt.
<./images//image38.png, id=777, 814.04124pt x 512.91624pt>
File: ./images//image38.png Graphic file (type png)
<use ./images//image38.png>
Package pdftex.def Info: ./images//image38.png  used on input line 990.
(pdftex.def)             Requested size: 204.85846pt x 129.074pt.
<./images//image40.png, id=780, 1022.82124pt x 303.1325pt>
File: ./images//image40.png Graphic file (type png)
<use ./images//image40.png>
Package pdftex.def Info: ./images//image40.png  used on input line 1008.
(pdftex.def)             Requested size: 204.85846pt x 60.7133pt.
File: ./images//image40.png Graphic file (type png)
<use ./images//image40.png>
Package pdftex.def Info: ./images//image40.png  used on input line 1014.
(pdftex.def)             Requested size: 204.85846pt x 60.7133pt.
<./images//image41.png, id=782, 1147.28625pt x 482.80376pt>
File: ./images//image41.png Graphic file (type png)
<use ./images//image41.png>
Package pdftex.def Info: ./images//image41.png  used on input line 1028.
(pdftex.def)             Requested size: 318.66948pt x 134.10118pt.
 [31 <./images//image36.png> <./images//image37.png> <./images//image38.png>]
<./images//image42.png, id=795, 1741.50626pt x 818.05624pt>
File: ./images//image42.png Graphic file (type png)
<use ./images//image42.png>
Package pdftex.def Info: ./images//image42.png  used on input line 1048.
(pdftex.def)             Requested size: 409.71692pt x 192.45544pt.


LaTeX Warning: `h' float specifier changed to `ht'.

<./images//image43.png, id=797, 703.62875pt x 426.59375pt>
File: ./images//image43.png Graphic file (type png)
<use ./images//image43.png>
Package pdftex.def Info: ./images//image43.png  used on input line 1056.
(pdftex.def)             Requested size: 182.09486pt x 110.39752pt.
<./images//image44.png, id=800, 1554.80875pt x 468.75125pt>
File: ./images//image44.png Graphic file (type png)
<use ./images//image44.png>
Package pdftex.def Info: ./images//image44.png  used on input line 1064.
(pdftex.def)             Requested size: 318.66948pt x 96.07317pt.

LaTeX Warning: `h' float specifier changed to `ht'.


LaTeX Warning: `h' float specifier changed to `ht'.

[32 <./images//image40.png> <./images//image41.png>]
<./images//image45.png, id=813, 880.28876pt x 378.41376pt>
File: ./images//image45.png Graphic file (type png)
<use ./images//image45.png>
Package pdftex.def Info: ./images//image45.png  used on input line 1077.
(pdftex.def)             Requested size: 204.85846pt x 88.06113pt.
<./images//image46.png, id=814, 896.34875pt x 246.9225pt>
File: ./images//image46.png Graphic file (type png)
<use ./images//image46.png>
Package pdftex.def Info: ./images//image46.png  used on input line 1083.
(pdftex.def)             Requested size: 204.85846pt x 56.43303pt.
<./images//image47.png, id=817, 1036.87375pt x 387.4475pt>
File: ./images//image47.png Graphic file (type png)
<use ./images//image47.png>
Package pdftex.def Info: ./images//image47.png  used on input line 1094.
(pdftex.def)             Requested size: 227.62206pt x 85.05544pt.


LaTeX Warning: `h' float specifier changed to `ht'.

<./images//image48.png, id=818, 912.40875pt x 290.08376pt>
File: ./images//image48.png Graphic file (type png)
<use ./images//image48.png>
Package pdftex.def Info: ./images//image48.png  used on input line 1107.
(pdftex.def)             Requested size: 204.85846pt x 65.1288pt.
<./images//image49.png, id=819, 856.19875pt x 252.945pt>
File: ./images//image49.png Graphic file (type png)
<use ./images//image49.png>
Package pdftex.def Info: ./images//image49.png  used on input line 1113.
(pdftex.def)             Requested size: 204.85846pt x 60.5189pt.
[33 <./images//image42.png> <./images//image43.png>] [34 <./images//image44.png
> <./images//image45.png> <./images//image46.png> <./images//image47.png> <./im
ages//image48.png> <./images//image49.png>]
Chapter 5.

LaTeX Warning: Reference `imae50' on page 35 undefined on input line 1124.


Overfull \hbox (1.62692pt too wide) in paragraph at lines 1135--1136
[]\OT1/cmr/bx/n/10 Cost\OT1/cmr/m/n/10 :You avoid the ini-tial cap-i-tal costs 
of hard-ware pro-cure-ment, shift-ing to a \OT1/cmr/m/it/10 pay-per-use \OT1/cm
r/m/n/10 paradigm. 
 []

<./images//image50.png, id=839, 634.37pt x 421.575pt>
File: ./images//image50.png Graphic file (type png)
<use ./images//image50.png>
Package pdftex.def Info: ./images//image50.png  used on input line 1139.
(pdftex.def)             Requested size: 318.66948pt x 211.7776pt.
[35

 <./images//image50.png>]
<./images//image51.png, id=847, 477.785pt x 310.15875pt>
File: ./images//image51.png Graphic file (type png)
<use ./images//image51.png>
Package pdftex.def Info: ./images//image51.png  used on input line 1153.
(pdftex.def)             Requested size: 318.66948pt x 206.86821pt.
<./images//image52.png, id=849, 698.61pt x 443.6575pt>
File: ./images//image52.png Graphic file (type png)
<use ./images//image52.png>
Package pdftex.def Info: ./images//image52.png  used on input line 1193.
(pdftex.def)             Requested size: 318.66948pt x 202.3722pt.


LaTeX Warning: `h' float specifier changed to `ht'.

[36 <./images//image51.png>]
LaTeX Font Info:    Font shape `OT1/cmtt/bx/n' in size <10> not available
(Font)              Font shape `OT1/cmtt/m/n' tried instead on input line 1201.

<./images//image53.png, id=859, 752.8125pt x 407.5225pt>
File: ./images//image53.png Graphic file (type png)
<use ./images//image53.png>
Package pdftex.def Info: ./images//image53.png  used on input line 1206.
(pdftex.def)             Requested size: 318.66948pt x 172.50764pt.
 [37 <./images//image52.png> <./images//image53.png>]
Overfull \hbox (1.11644pt too wide) in paragraph at lines 1237--1238
[]\OT1/cmtt/m/n/10 `docker-compose restart` \OT1/cmr/m/n/10 will restart a Com-
pose app that has been stopped with docker-compose
 []

[38] [39]
<./images//image54.png, id=879, 606.265pt x 492.84125pt>
File: ./images//image54.png Graphic file (type png)
<use ./images//image54.png>
Package pdftex.def Info: ./images//image54.png  used on input line 1334.
(pdftex.def)             Requested size: 318.66948pt x 259.05385pt.
<./images//image55.png, id=882, 628.3475pt x 347.2975pt>
File: ./images//image55.png Graphic file (type png)
<use ./images//image55.png>
Package pdftex.def Info: ./images//image55.png  used on input line 1365.
(pdftex.def)             Requested size: 204.85846pt x 113.2254pt.
<./images//image56.png, id=883, 526.96875pt x 498.86375pt>
File: ./images//image56.png Graphic file (type png)
<use ./images//image56.png>
Package pdftex.def Info: ./images//image56.png  used on input line 1371.
(pdftex.def)             Requested size: 204.85846pt x 193.93188pt.
 [40 <./images//image54.png>]
<./images//image57.png, id=893, 616.3025pt x 322.20375pt>
File: ./images//image57.png Graphic file (type png)
<use ./images//image57.png>
Package pdftex.def Info: ./images//image57.png  used on input line 1443.
(pdftex.def)             Requested size: 318.66948pt x 166.60295pt.


LaTeX Warning: `h' float specifier changed to `ht'.

[41 <./images//image55.png> <./images//image56.png>] [42 <./images//image57.png
>]
<./images//image58.png, id=912, 513.92pt x 417.56pt>
File: ./images//image58.png Graphic file (type png)
<use ./images//image58.png>
Package pdftex.def Info: ./images//image58.png  used on input line 1548.
(pdftex.def)             Requested size: 204.85846pt x 166.4476pt.
<./images//image59.png, id=913, 514.92375pt x 413.545pt>
File: ./images//image59.png Graphic file (type png)
<use ./images//image59.png>
Package pdftex.def Info: ./images//image59.png  used on input line 1554.
(pdftex.def)             Requested size: 204.85846pt x 164.52533pt.
 [43 <./images//image58.png> <./images//image59.png>] [44]
Overfull \hbox (8.4082pt too wide) in paragraph at lines 1637--1639
[]\OT1/cmr/bx/n/10 Container Run-time In-ter-face (CRI)\OT1/cmr/m/n/10 :The Kub
elet needs a con-tainer run-time to per-form container-
 []

[45]
<./images//image-K8S-watch-loop.png, id=942, 702.625pt x 179.67125pt>
File: ./images//image-K8S-watch-loop.png Graphic file (type png)
<use ./images//image-K8S-watch-loop.png>
Package pdftex.def Info: ./images//image-K8S-watch-loop.png  used on input line
 1669.
(pdftex.def)             Requested size: 409.71692pt x 104.77414pt.
 [46 <./images//image-K8S-watch-loop.png>]
<./images//image-deployment-manage.png, id=949, 581.17125pt x 296.10625pt>
File: ./images//image-deployment-manage.png Graphic file (type png)
<use ./images//image-deployment-manage.png>
Package pdftex.def Info: ./images//image-deployment-manage.png  used on input l
ine 1694.
(pdftex.def)             Requested size: 318.66948pt x 162.36192pt.
 [47 <./images//image-deployment-manage.png>]
<./images//image-deployment-k8s.png, id=956, 796.9775pt x 488.82625pt>
File: ./images//image-deployment-k8s.png Graphic file (type png)
<use ./images//image-deployment-k8s.png>
Package pdftex.def Info: ./images//image-deployment-k8s.png  used on input line
 1724.
(pdftex.def)             Requested size: 409.71692pt x 251.29706pt.
 [48 <./images//image-deployment-k8s.png>]
<./images//image-k8s-service.png, id=964, 1144.275pt x 429.605pt>
File: ./images//image-k8s-service.png Graphic file (type png)
<use ./images//image-k8s-service.png>
Package pdftex.def Info: ./images//image-k8s-service.png  used on input line 17
48.
(pdftex.def)             Requested size: 409.71692pt x 153.82516pt.
<./images//image-service-yaml.png, id=965, 903.375pt x 347.2975pt>
File: ./images//image-service-yaml.png Graphic file (type png)
<use ./images//image-service-yaml.png>
Package pdftex.def Info: ./images//image-service-yaml.png  used on input line 1
754.
(pdftex.def)             Requested size: 409.71692pt x 157.51717pt.

Overfull \hbox (14.95528pt too wide) in paragraph at lines 1770--1771
[]\OT1/cmr/bx/n/10 LoadBalancer\OT1/cmr/m/n/10 : Maps the Ser-vice to the con-t
ents of the ex-ter-nal-Name field (e.g. foo.bar.example.com),
 []

<./images//image-ingress-k8s.png, id=966, 1020.81375pt x 582.175pt>
File: ./images//image-ingress-k8s.png Graphic file (type png)
<use ./images//image-ingress-k8s.png>
Package pdftex.def Info: ./images//image-ingress-k8s.png  used on input line 17
79.
(pdftex.def)             Requested size: 409.71692pt x 233.66536pt.
[49 <./images//image-k8s-service.png> <./images//image-service-yaml.png>]
<./images//image-ingress-yaml.png, id=975, 1120.185pt x 480.79625pt>
File: ./images//image-ingress-yaml.png Graphic file (type png)
<use ./images//image-ingress-yaml.png>
Package pdftex.def Info: ./images//image-ingress-yaml.png  used on input line 1
794.
(pdftex.def)             Requested size: 409.71692pt x 175.85231pt.

[50 <./images//image-ingress-k8s.png> <./images//image-ingress-yaml.png>]
[51]
Chapter 6.
<./images//image60.png, id=989, 924.45375pt x 498.86375pt>
File: ./images//image60.png Graphic file (type png)
<use ./images//image60.png>
Package pdftex.def Info: ./images//image60.png  used on input line 1841.
(pdftex.def)             Requested size: 409.71692pt x 221.09164pt.

LaTeX Warning: `h' float specifier changed to `ht'.

[52

]

Package hyperref Warning: Difference (2) between bookmark levels is greater 
(hyperref)                than one, level fixed on input line 1874.

[53 <./images//image60.png>]
<./images//image61.png, id=1001, 920.43875pt x 677.53125pt>
File: ./images//image61.png Graphic file (type png)
<use ./images//image61.png>
Package pdftex.def Info: ./images//image61.png  used on input line 1919.
(pdftex.def)             Requested size: 409.71692pt x 301.59866pt.


LaTeX Warning: `h' float specifier changed to `ht'.

[54]
<./images//image62.png, id=1010, 861.2175pt x 376.40625pt>
File: ./images//image62.png Graphic file (type png)
<use ./images//image62.png>
Package pdftex.def Info: ./images//image62.png  used on input line 1963.
(pdftex.def)             Requested size: 409.71692pt x 179.07625pt.


LaTeX Warning: `h' float specifier changed to `ht'.

[55 <./images//image61.png>]
<./images//image63.png, id=1018, 1010.77625pt x 357.335pt>
File: ./images//image63.png Graphic file (type png)
<use ./images//image63.png>
Package pdftex.def Info: ./images//image63.png  used on input line 1986.
(pdftex.def)             Requested size: 409.71692pt x 144.84528pt.
<./images//image64.png, id=1019, 280.04625pt x 442.65375pt>
File: ./images//image64.png Graphic file (type png)
<use ./images//image64.png>
Package pdftex.def Info: ./images//image64.png  used on input line 2016.
(pdftex.def)             Requested size: 182.09486pt x 287.83633pt.
 [56 <./images//image62.png> <./images//image63.png>]
<./images//image65.png, id=1029, 991.705pt x 434.62375pt>
File: ./images//image65.png Graphic file (type png)
<use ./images//image65.png>
Package pdftex.def Info: ./images//image65.png  used on input line 2031.
(pdftex.def)             Requested size: 409.71692pt x 179.56303pt.


LaTeX Warning: `h' float specifier changed to `ht'.

[57 <./images//image64.png>]
<./images//image66.png, id=1037, 1031.855pt x 783.92876pt>
File: ./images//image66.png Graphic file (type png)
<use ./images//image66.png>
Package pdftex.def Info: ./images//image66.png  used on input line 2064.
(pdftex.def)             Requested size: 409.71692pt x 311.26929pt.
 [58 <./images//image65.png> <./images//image66.png>]
<./images//image67.png, id=1045, 1023.825pt x 597.23125pt>
File: ./images//image67.png Graphic file (type png)
<use ./images//image67.png>
Package pdftex.def Info: ./images//image67.png  used on input line 2082.
(pdftex.def)             Requested size: 409.71692pt x 238.99762pt.
<./images//image68.png, id=1047, 986.68625pt x 373.395pt>
File: ./images//image68.png Graphic file (type png)
<use ./images//image68.png>
Package pdftex.def Info: ./images//image68.png  used on input line 2097.
(pdftex.def)             Requested size: 409.71692pt x 155.05289pt.
 [59 <./images//image67.png> <./images//image68.png>]
<./images//image69.png, id=1056, 1178.4025pt x 605.26125pt>
File: ./images//image69.png Graphic file (type png)
<use ./images//image69.png>
Package pdftex.def Info: ./images//image69.png  used on input line 2115.
(pdftex.def)             Requested size: 409.71692pt x 210.4408pt.
<./images//image70.png, id=1058, 1073.00874pt x 710.655pt>
File: ./images//image70.png Graphic file (type png)
<use ./images//image70.png>
Package pdftex.def Info: ./images//image70.png  used on input line 2123.
(pdftex.def)             Requested size: 409.71692pt x 271.35295pt.


LaTeX Warning: `h' float specifier changed to `ht'.

<./images//image71.png, id=1060, 1318.9275pt x 564.1075pt>
File: ./images//image71.png Graphic file (type png)
<use ./images//image71.png>
Package pdftex.def Info: ./images//image71.png  used on input line 2134.
(pdftex.def)             Requested size: 409.71692pt x 175.23303pt.

LaTeX Warning: `h' float specifier changed to `ht'.

<./images//image72.png, id=1061, 1175.39125pt x 460.72125pt>
File: ./images//image72.png Graphic file (type png)
<use ./images//image72.png>
Package pdftex.def Info: ./images//image72.png  used on input line 2144.
(pdftex.def)             Requested size: 409.71692pt x 160.59402pt.

LaTeX Warning: `h' float specifier changed to `ht'.

<./images//image_example_microfreshener.png, id=1063, 1065.9825pt x 517.935pt>
File: ./images//image_example_microfreshener.png Graphic file (type png)
<use ./images//image_example_microfreshener.png>
Package pdftex.def Info: ./images//image_example_microfreshener.png  used on in
put line 2153.
(pdftex.def)             Requested size: 409.71692pt x 199.0697pt.

LaTeX Warning: `h' float specifier changed to `ht'.

<./images//image-example-microfreshener-2.png, id=1064, 1107.13625pt x 527.9725
pt>
File: ./images//image-example-microfreshener-2.png Graphic file (type png)
<use ./images//image-example-microfreshener-2.png>
Package pdftex.def Info: ./images//image-example-microfreshener-2.png  used on 
input line 2159.
(pdftex.def)             Requested size: 409.71692pt x 195.38704pt.

LaTeX Warning: `h' float specifier changed to `ht'.

[60 <./images//image69.png>] [61 <./images//image70.png> <./images//image71.png
> <./images//image72.png>] [62 <./images//image_example_microfreshener.png> <./
images//image-example-microfreshener-2.png>]
Chapter 7.
<./images//image83.png, id=1094, 934.49126pt x 734.745pt>
File: ./images//image83.png Graphic file (type png)
<use ./images//image83.png>
Package pdftex.def Info: ./images//image83.png  used on input line 2176.
(pdftex.def)             Requested size: 273.14923pt x 214.76349pt.
<./images//image84.png, id=1096, 518.93875pt x 732.7375pt>
File: ./images//image84.png Graphic file (type png)
<use ./images//image84.png>
Package pdftex.def Info: ./images//image84.png  used on input line 2186.
(pdftex.def)             Requested size: 273.14923pt x 385.69922pt.

LaTeX Warning: `h' float specifier changed to `ht'.

[63

 <./images//image83.png>]

Package hyperref Warning: Difference (2) between bookmark levels is greater 
(hyperref)                than one, level fixed on input line 2204.

[64 <./images//image84.png>]
<./images//image85.png, id=1111, 1075.01625pt x 613.29124pt>
File: ./images//image85.png Graphic file (type png)
<use ./images//image85.png>
Package pdftex.def Info: ./images//image85.png  used on input line 2234.
(pdftex.def)             Requested size: 318.66948pt x 181.799pt.
 [65 <./images//image85.png>]
<./images//image86.png, id=1121, 971.63pt x 725.71124pt>
File: ./images//image86.png Graphic file (type png)
<use ./images//image86.png>
Package pdftex.def Info: ./images//image86.png  used on input line 2277.
(pdftex.def)             Requested size: 318.66948pt x 238.01268pt.


LaTeX Warning: `h' float specifier changed to `ht'.

[66]
<./images//image87.png, id=1131, 855.195pt x 732.7375pt>
File: ./images//image87.png Graphic file (type png)
<use ./images//image87.png>
Package pdftex.def Info: ./images//image87.png  used on input line 2296.
(pdftex.def)             Requested size: 318.66948pt x 273.03171pt.


LaTeX Warning: `h' float specifier changed to `ht'.

<./images//image88.png, id=1133, 1046.91125pt x 283.0575pt>
File: ./images//image88.png Graphic file (type png)
<use ./images//image88.png>
Package pdftex.def Info: ./images//image88.png  used on input line 2311.
(pdftex.def)             Requested size: 318.66948pt x 86.15747pt.

LaTeX Warning: `h' float specifier changed to `ht'.

<./images//image89.png, id=1135, 936.49875pt x 632.3625pt>
File: ./images//image89.png Graphic file (type png)
<use ./images//image89.png>
Package pdftex.def Info: ./images//image89.png  used on input line 2323.
(pdftex.def)             Requested size: 318.66948pt x 215.18373pt.

LaTeX Warning: `h' float specifier changed to `ht'.

<./images//image90.png, id=1137, 927.465pt x 662.475pt>
File: ./images//image90.png Graphic file (type png)
<use ./images//image90.png>
Package pdftex.def Info: ./images//image90.png  used on input line 2336.
(pdftex.def)             Requested size: 318.66948pt x 227.62413pt.
[67 <./images//image86.png>]

LaTeX Warning: `h' float specifier changed to `ht'.

<./images//image91.png, id=1147, 800.9925pt x 834.11626pt>
File: ./images//image91.png Graphic file (type png)
<use ./images//image91.png>
Package pdftex.def Info: ./images//image91.png  used on input line 2352.
(pdftex.def)             Requested size: 409.71692pt x 426.66643pt.

LaTeX Warning: `h' float specifier changed to `ht'.

[68 <./images//image87.png> <./images//image88.png>]
<./images//image92.png, id=1159, 944.52875pt x 619.31375pt>
File: ./images//image92.png Graphic file (type png)
<use ./images//image92.png>
Package pdftex.def Info: ./images//image92.png  used on input line 2372.
(pdftex.def)             Requested size: 318.66948pt x 208.94794pt.


LaTeX Warning: `h' float specifier changed to `ht'.

<./images//image93.png, id=1161, 749.80125pt x 693.59125pt>
File: ./images//image93.png Graphic file (type png)
<use ./images//image93.png>
Package pdftex.def Info: ./images//image93.png  used on input line 2382.
(pdftex.def)             Requested size: 318.66948pt x 294.77766pt.

LaTeX Warning: `h' float specifier changed to `ht'.

[69 <./images//image89.png>]
<./images//image94.png, id=1170, 944.52875pt x 565.11125pt>
File: ./images//image94.png Graphic file (type png)
<use ./images//image94.png>
Package pdftex.def Info: ./images//image94.png  used on input line 2414.
(pdftex.def)             Requested size: 318.66948pt x 190.66077pt.


LaTeX Warning: `h' float specifier changed to `ht'.

[70 <./images//image90.png>] [71 <./images//image91.png>] [72 <./images//image9
2.png>]
Underfull \hbox (badness 10000) in paragraph at lines 2470--2471

 []


Underfull \hbox (badness 10000) in paragraph at lines 2475--2476

 []


Underfull \hbox (badness 10000) in paragraph at lines 2479--2480

 []

[73 <./images//image93.png>]
Underfull \hbox (badness 10000) in paragraph at lines 2484--2485

 []


Underfull \hbox (badness 10000) in paragraph at lines 2488--2489

 []


Underfull \hbox (badness 10000) in paragraph at lines 2494--2495

 []


Underfull \hbox (badness 10000) in paragraph at lines 2499--2500

 []

[74 <./images//image94.png>]
<./images//image95.png, id=1201, 1385.175pt x 744.7825pt>
File: ./images//image95.png Graphic file (type png)
<use ./images//image95.png>
Package pdftex.def Info: ./images//image95.png  used on input line 2510.
(pdftex.def)             Requested size: 409.71692pt x 220.28851pt.
<./images//image96.png, id=1203, 1319.93124pt x 739.76375pt>
File: ./images//image96.png Graphic file (type png)
<use ./images//image96.png>
Package pdftex.def Info: ./images//image96.png  used on input line 2518.
(pdftex.def)             Requested size: 409.71692pt x 229.62915pt.
 [75 <./images//image95.png> <./images//image96.png>]
Overfull \hbox (2.86717pt too wide) in paragraph at lines 2535--2537
[]\OT1/cmr/m/n/10 API call pa-ram-e-ters use IDs of re-sourced ac-cessed by the
 API: \OT1/cmtt/m/n/10 /api/shop1/financial[]details 
 []

[76] [77] [78]
Chapter 8.
[79

]

Package hyperref Warning: Difference (2) between bookmark levels is greater 
(hyperref)                than one, level fixed on input line 2723.

<./images//image97.png, id=1251, 913.4125pt x 818.05624pt>
File: ./images//image97.png Graphic file (type png)
<use ./images//image97.png>
Package pdftex.def Info: ./images//image97.png  used on input line 2750.
(pdftex.def)             Requested size: 409.71692pt x 366.93607pt.

LaTeX Warning: `h' float specifier changed to `ht'.

[80] [81 <./images//image97.png>]
<./images//image98.png, id=1263, 742.775pt x 688.5725pt>
File: ./images//image98.png Graphic file (type png)
<use ./images//image98.png>
Package pdftex.def Info: ./images//image98.png  used on input line 2801.
(pdftex.def)             Requested size: 409.71692pt x 379.82976pt.
 [82 <./images//image98.png>]
<./images//image99.png, id=1272, 1028.84375pt x 524.96124pt>
File: ./images//image99.png Graphic file (type png)
<use ./images//image99.png>
Package pdftex.def Info: ./images//image99.png  used on input line 2823.
(pdftex.def)             Requested size: 318.66948pt x 162.60013pt.
<./images//image100.png, id=1274, 1032.85875pt x 609.27625pt>
File: ./images//image100.png Graphic file (type png)
<use ./images//image100.png>
Package pdftex.def Info: ./images//image100.png  used on input line 2830.
(pdftex.def)             Requested size: 409.71692pt x 241.68877pt.
 [83 <./images//image99.png> <./images//image100.png>]
LaTeX Font Info:    Trying to load font information for OMS+cmtt on input line 
2851.
LaTeX Font Info:    No file OMScmtt.fd. on input line 2851.


LaTeX Font Warning: Font shape `OMS/cmtt/m/n' undefined
(Font)              using `OMS/cmsy/m/n' instead
(Font)              for symbol `textbraceleft' on input line 2851.

LaTeX Font Info:    Trying to load font information for OMS+cmr on input line 2
855.
(/usr/share/texlive/texmf-dist/tex/latex/base/omscmr.fd
File: omscmr.fd 2019/12/16 v2.5j Standard LaTeX font definitions
)
LaTeX Font Info:    Font shape `OMS/cmr/m/n' in size <10> not available
(Font)              Font shape `OMS/cmsy/m/n' tried instead on input line 2855.

<./images//image101.png, id=1283, 1058.95625pt x 701.62125pt>
File: ./images//image101.png Graphic file (type png)
<use ./images//image101.png>
Package pdftex.def Info: ./images//image101.png  used on input line 2868.
(pdftex.def)             Requested size: 409.71692pt x 271.45789pt.


LaTeX Warning: `h' float specifier changed to `ht'.

[84] [85 <./images//image101.png>]
<./images//image102.png, id=1297, 782.925pt x 738.76pt>
File: ./images//image102.png Graphic file (type png)
<use ./images//image102.png>
Package pdftex.def Info: ./images//image102.png  used on input line 2922.
(pdftex.def)             Requested size: 409.71692pt x 386.60355pt.
<./images//image103.png, id=1298, 979.66pt x 564.1075pt>
File: ./images//image103.png Graphic file (type png)
<use ./images//image103.png>
Package pdftex.def Info: ./images//image103.png  used on input line 2928.
(pdftex.def)             Requested size: 409.71692pt x 235.91644pt.


LaTeX Warning: `h' float specifier changed to `ht'.

[86 <./images//image102.png>] [87 <./images//image103.png>]
Chapter 9.
<./images//image73.png, id=1312, 945.5325pt x 405.515pt>
File: ./images//image73.png Graphic file (type png)
<use ./images//image73.png>
Package pdftex.def Info: ./images//image73.png  used on input line 2951.
(pdftex.def)             Requested size: 409.71692pt x 175.71695pt.
[88

 <./images//image73.png>]
<./images//image74.png, id=1320, 300.12125pt x 445.665pt>
File: ./images//image74.png Graphic file (type png)
<use ./images//image74.png>
Package pdftex.def Info: ./images//image74.png  used on input line 2974.
(pdftex.def)             Requested size: 136.57462pt x 202.81189pt.
<./images//image75.png, id=1325, 1641.13126pt x 844.15375pt>
File: ./images//image75.png Graphic file (type png)
<use ./images//image75.png>
Package pdftex.def Info: ./images//image75.png  used on input line 2981.
(pdftex.def)             Requested size: 409.71692pt x 210.74165pt.
<./images//image76.png, id=1326, 1431.3475pt x 805.0075pt>
File: ./images//image76.png Graphic file (type png)
<use ./images//image76.png>
Package pdftex.def Info: ./images//image76.png  used on input line 2988.
(pdftex.def)             Requested size: 409.71692pt x 230.42448pt.


LaTeX Warning: `h' float specifier changed to `ht'.

<./images//image77.png, id=1327, 1384.17125pt x 744.7825pt>
File: ./images//image77.png Graphic file (type png)
<use ./images//image77.png>
Package pdftex.def Info: ./images//image77.png  used on input line 2996.
(pdftex.def)             Requested size: 409.71692pt x 220.44762pt.

LaTeX Warning: `h' float specifier changed to `ht'.

<./images//image78.png, id=1330, 843.15pt x 155.58125pt>
File: ./images//image78.png Graphic file (type png)
<use ./images//image78.png>
Package pdftex.def Info: ./images//image78.png  used on input line 3006.
(pdftex.def)             Requested size: 409.71692pt x 75.60399pt.
<./images//image79.png, id=1332, 434.62375pt x 781.92125pt>
File: ./images//image79.png Graphic file (type png)
<use ./images//image79.png>
Package pdftex.def Info: ./images//image79.png  used on input line 3013.
(pdftex.def)             Requested size: 182.09486pt x 327.6053pt.
<./images//image80.png, id=1334, 936.49875pt x 533.995pt>
File: ./images//image80.png Graphic file (type png)
<use ./images//image80.png>
Package pdftex.def Info: ./images//image80.png  used on input line 3020.
(pdftex.def)             Requested size: 409.71692pt x 233.62224pt.
[89 <./images//image74.png> <./images//image75.png>]

LaTeX Warning: `h' float specifier changed to `ht'.


LaTeX Warning: `h' float specifier changed to `ht'.


LaTeX Warning: `h' float specifier changed to `ht'.

<./images//image81.png, id=1346, 1053.9375pt x 511.9125pt>
File: ./images//image81.png Graphic file (type png)
<use ./images//image81.png>
Package pdftex.def Info: ./images//image81.png  used on input line 3040.
(pdftex.def)             Requested size: 409.71692pt x 199.00456pt.
<./images//image82.png, id=1348, 1063.975pt x 513.92pt>
File: ./images//image82.png Graphic file (type png)
<use ./images//image82.png>
Package pdftex.def Info: ./images//image82.png  used on input line 3047.
(pdftex.def)             Requested size: 409.71692pt x 197.8951pt.

LaTeX Warning: `h' float specifier changed to `ht'.


LaTeX Warning: `h' float specifier changed to `ht'.

[90 <./images//image76.png>] [91 <./images//image77.png> <./images//image78.png
> <./images//image79.png>] [92 <./images//image80.png> <./images//image81.png> 
<./images//image82.png>]
Chapter 10.

Package hyperref Warning: Difference (2) between bookmark levels is greater 
(hyperref)                than one, level fixed on input line 3080.

<./images//image104.png, id=1384, 676.5275pt x 856.19875pt>
File: ./images//image104.png Graphic file (type png)
<use ./images//image104.png>
Package pdftex.def Info: ./images//image104.png  used on input line 3084.
(pdftex.def)             Requested size: 273.14923pt x 345.70036pt.

LaTeX Warning: `h' float specifier changed to `ht'.

[93

]
<./images//image105.png, id=1390, 1258.7025pt x 859.21pt>
File: ./images//image105.png Graphic file (type png)
<use ./images//image105.png>
Package pdftex.def Info: ./images//image105.png  used on input line 3119.
(pdftex.def)             Requested size: 409.71692pt x 279.67259pt.


LaTeX Warning: `h' float specifier changed to `ht'.

[94 <./images//image104.png>]
<./images//image106.png, id=1399, 973.6375pt x 630.355pt>
File: ./images//image106.png Graphic file (type png)
<use ./images//image106.png>
Package pdftex.def Info: ./images//image106.png  used on input line 3156.
(pdftex.def)             Requested size: 409.71692pt x 265.25706pt.


LaTeX Warning: `h' float specifier changed to `ht'.

[95 <./images//image105.png>]
<./images//image107.png, id=1411, 1117.17375pt x 709.65125pt>
File: ./images//image107.png Graphic file (type png)
<use ./images//image107.png>
Package pdftex.def Info: ./images//image107.png  used on input line 3197.
(pdftex.def)             Requested size: 409.71692pt x 260.26039pt.


LaTeX Warning: `h' float specifier changed to `ht'.

[96 <./images//image106.png>]
<./images//image108.png, id=1423, 852.18375pt x 715.67375pt>
File: ./images//image108.png Graphic file (type png)
<use ./images//image108.png>
Package pdftex.def Info: ./images//image108.png  used on input line 3222.
(pdftex.def)             Requested size: 409.71692pt x 344.08734pt.


LaTeX Warning: `h' float specifier changed to `ht'.

[97 <./images//image107.png>] [98 <./images//image108.png>]
<./images//image109.png, id=1435, 1110.1475pt x 524.96124pt>
File: ./images//image109.png Graphic file (type png)
<use ./images//image109.png>
Package pdftex.def Info: ./images//image109.png  used on input line 3308.
(pdftex.def)             Requested size: 409.71692pt x 193.74399pt.
 [99 <./images//image109.png>] [100] (./notes.aux)

LaTeX Font Warning: Some font shapes were not available, defaults substituted.


LaTeX Warning: There were undefined references.

Package rerunfilecheck Info: File `notes.out' has not changed.
(rerunfilecheck)             Checksum: 1221A4881A9C8E33E6A6E2549C5AC39E;14672.
 ) 
Here is how much of TeX's memory you used:
 15163 strings out of 480171
 246436 string characters out of 5894488
 544427 words of memory out of 5000000
 32543 multiletter control sequences out of 15000+600000
 479420 words of font info for 66 fonts, out of 8000000 for 9000
 59 hyphenation exceptions out of 8191
 60i,8n,63p,944b,1219s stack positions out of 5000i,500n,10000p,200000b,80000s
 </home/luca/.texlive2021/texmf-var/fonts/pk/ljfour/jknappen/ec/tcrm1000.600p
k></usr/share/texlive/texmf-dist/fonts/type1/public/amsfonts/cm/cmbx10.pfb></us
r/share/texlive/texmf-dist/fonts/type1/public/amsfonts/cm/cmbx12.pfb></usr/shar
e/texlive/texmf-dist/fonts/type1/public/amsfonts/cm/cmbxti10.pfb></usr/share/te
xlive/texmf-dist/fonts/type1/public/amsfonts/cm/cmr10.pfb></usr/share/texlive/t
exmf-dist/fonts/type1/public/amsfonts/cm/cmr12.pfb></usr/share/texlive/texmf-di
st/fonts/type1/public/amsfonts/cm/cmr17.pfb></usr/share/texlive/texmf-dist/font
s/type1/public/amsfonts/cm/cmr5.pfb></usr/share/texlive/texmf-dist/fonts/type1/
public/amsfonts/cm/cmr6.pfb></usr/share/texlive/texmf-dist/fonts/type1/public/a
msfonts/cm/cmr7.pfb></usr/share/texlive/texmf-dist/fonts/type1/public/amsfonts/
cm/cmr9.pfb></usr/share/texlive/texmf-dist/fonts/type1/public/amsfonts/cm/cmsy1
0.pfb></usr/share/texlive/texmf-dist/fonts/type1/public/amsfonts/cm/cmti10.pfb>
</usr/share/texlive/texmf-dist/fonts/type1/public/amsfonts/cm/cmti8.pfb></usr/s
hare/texlive/texmf-dist/fonts/type1/public/amsfonts/cm/cmtt10.pfb></usr/share/t
exlive/texmf-dist/fonts/type1/public/amsfonts/cm/cmtt9.pfb>
Output written on notes.pdf (101 pages, 8288724 bytes).
PDF statistics:
 1613 PDF objects out of 1728 (max. 8388607)
 1229 compressed objects within 13 object streams
 409 named destinations out of 1000 (max. 500000)
 1327 words of extra memory for PDF output out of 10000 (max. 10000000)

